<?xml version="1.0" encoding="UTF-8"?>
<coverage generated="1642263053786" clover="3.2.0">
  <project timestamp="1642263053787" name="All files">
    <metrics statements="118" coveredstatements="110" conditionals="156" coveredconditionals="110" methods="39" coveredmethods="37" elements="313" coveredelements="257" complexity="0" loc="118" ncloc="118" packages="12" files="14" classes="14"/>
    <package name="app">
      <metrics statements="2" coveredstatements="2" conditionals="0" coveredconditionals="0" methods="0" coveredmethods="0"/>
      <file name="app.component.ts" path="/Users/sam/workspace/sambath/angular/cloud-infrastructure/src/app/app.component.ts">
        <metrics statements="2" coveredstatements="2" conditionals="0" coveredconditionals="0" methods="0" coveredmethods="0"/>
        <line num="1" count="1" type="stmt"/>
        <line num="8" count="1" type="stmt"/>
      </file>
    </package>
    <package name="app.components.home">
      <metrics statements="4" coveredstatements="4" conditionals="0" coveredconditionals="0" methods="1" coveredmethods="1"/>
      <file name="home.component.ts" path="/Users/sam/workspace/sambath/angular/cloud-infrastructure/src/app/components/home/home.component.ts">
        <metrics statements="4" coveredstatements="4" conditionals="0" coveredconditionals="0" methods="1" coveredmethods="1"/>
        <line num="1" count="1" type="stmt"/>
        <line num="2" count="1" type="stmt"/>
        <line num="9" count="1" type="stmt"/>
        <line num="11" count="1" type="stmt"/>
      </file>
    </package>
    <package name="app.components.home.servers">
      <metrics statements="18" coveredstatements="16" conditionals="9" coveredconditionals="7" methods="6" coveredmethods="6"/>
      <file name="servers.component.ts" path="/Users/sam/workspace/sambath/angular/cloud-infrastructure/src/app/components/home/servers/servers.component.ts">
        <metrics statements="18" coveredstatements="16" conditionals="9" coveredconditionals="7" methods="6" coveredmethods="6"/>
        <line num="1" count="1" type="stmt"/>
        <line num="2" count="1" type="stmt"/>
        <line num="4" count="1" type="stmt"/>
        <line num="11" count="1" type="stmt"/>
        <line num="15" count="4" type="stmt"/>
        <line num="17" count="4" type="stmt"/>
        <line num="20" count="5" type="stmt"/>
        <line num="24" count="1" type="stmt"/>
        <line num="25" count="2" type="cond" truecount="2" falsecount="0"/>
        <line num="26" count="1" type="cond" truecount="1" falsecount="1"/>
        <line num="27" count="1" type="stmt"/>
        <line num="29" count="0" type="stmt"/>
        <line num="32" count="1" type="cond" truecount="3" falsecount="1"/>
        <line num="33" count="0" type="stmt"/>
        <line num="37" count="1" type="stmt"/>
        <line num="41" count="7" type="stmt"/>
        <line num="42" count="7" type="cond" truecount="1" falsecount="0"/>
        <line num="43" count="7" type="stmt"/>
      </file>
    </package>
    <package name="app.components.login">
      <metrics statements="11" coveredstatements="9" conditionals="15" coveredconditionals="7" methods="4" coveredmethods="4"/>
      <file name="login.component.ts" path="/Users/sam/workspace/sambath/angular/cloud-infrastructure/src/app/components/login/login.component.ts">
        <metrics statements="11" coveredstatements="9" conditionals="15" coveredconditionals="7" methods="4" coveredmethods="4"/>
        <line num="1" count="1" type="stmt"/>
        <line num="2" count="1" type="stmt"/>
        <line num="3" count="1" type="stmt"/>
        <line num="10" count="1" type="stmt"/>
        <line num="14" count="4" type="stmt"/>
        <line num="17" count="5" type="stmt"/>
        <line num="18" count="5" type="stmt"/>
        <line num="22" count="1" type="cond" truecount="4" falsecount="7"/>
        <line num="23" count="0" type="stmt"/>
        <line num="24" count="0" type="stmt"/>
        <line num="28" count="6" type="cond" truecount="3" falsecount="1"/>
      </file>
    </package>
    <package name="app.guards">
      <metrics statements="9" coveredstatements="8" conditionals="5" coveredconditionals="3" methods="2" coveredmethods="2"/>
      <file name="auth.guard.ts" path="/Users/sam/workspace/sambath/angular/cloud-infrastructure/src/app/guards/auth.guard.ts">
        <metrics statements="9" coveredstatements="8" conditionals="5" coveredconditionals="3" methods="2" coveredmethods="2"/>
        <line num="1" count="1" type="stmt"/>
        <line num="2" count="1" type="stmt"/>
        <line num="7" count="1" type="stmt"/>
        <line num="9" count="2" type="stmt"/>
        <line num="13" count="1" type="stmt"/>
        <line num="14" count="1" type="cond" truecount="0" falsecount="1"/>
        <line num="15" count="0" type="stmt"/>
        <line num="17" count="1" type="cond" truecount="3" falsecount="1"/>
        <line num="18" count="1" type="stmt"/>
      </file>
    </package>
    <package name="app.shared.components.filters">
      <metrics statements="34" coveredstatements="34" conditionals="106" coveredconditionals="81" methods="11" coveredmethods="11"/>
      <file name="filters.component.ts" path="/Users/sam/workspace/sambath/angular/cloud-infrastructure/src/app/shared/components/filters/filters.component.ts">
        <metrics statements="34" coveredstatements="34" conditionals="106" coveredconditionals="81" methods="11" coveredmethods="11"/>
        <line num="1" count="2" type="stmt"/>
        <line num="2" count="2" type="stmt"/>
        <line num="4" count="2" type="stmt"/>
        <line num="5" count="2" type="stmt"/>
        <line num="12" count="2" type="stmt"/>
        <line num="15" count="9" type="stmt"/>
        <line num="17" count="9" type="stmt"/>
        <line num="18" count="9" type="stmt"/>
        <line num="19" count="9" type="stmt"/>
        <line num="21" count="9" type="stmt"/>
        <line num="24" count="10" type="cond" truecount="3" falsecount="1"/>
        <line num="25" count="10" type="cond" truecount="3" falsecount="1"/>
        <line num="26" count="30" type="cond" truecount="6" falsecount="1"/>
        <line num="28" count="10" type="cond" truecount="6" falsecount="2"/>
        <line num="29" count="10" type="stmt"/>
        <line num="31" count="10" type="cond" truecount="6" falsecount="2"/>
        <line num="32" count="10" type="cond" truecount="6" falsecount="2"/>
        <line num="33" count="10" type="cond" truecount="3" falsecount="1"/>
        <line num="34" count="10" type="cond" truecount="3" falsecount="1"/>
        <line num="35" count="10" type="stmt"/>
        <line num="37" count="10" type="cond" truecount="6" falsecount="2"/>
        <line num="38" count="10" type="stmt"/>
        <line num="44" count="10" type="cond" truecount="3" falsecount="1"/>
        <line num="49" count="1" type="stmt"/>
        <line num="54" count="1" type="stmt"/>
        <line num="63" count="2" type="cond" truecount="3" falsecount="1"/>
        <line num="64" count="2" type="cond" truecount="8" falsecount="2"/>
        <line num="65" count="1" type="cond" truecount="3" falsecount="1"/>
        <line num="67" count="1" type="cond" truecount="3" falsecount="1"/>
        <line num="68" count="1" type="cond" truecount="1" falsecount="0"/>
        <line num="69" count="1" type="cond" truecount="3" falsecount="1"/>
        <line num="75" count="1" type="cond" truecount="3" falsecount="1"/>
        <line num="79" count="1" type="cond" truecount="3" falsecount="1"/>
        <line num="83" count="1" type="cond" truecount="6" falsecount="2"/>
      </file>
    </package>
    <package name="app.shared.components.headers">
      <metrics statements="2" coveredstatements="2" conditionals="0" coveredconditionals="0" methods="1" coveredmethods="1"/>
      <file name="headers.component.ts" path="/Users/sam/workspace/sambath/angular/cloud-infrastructure/src/app/shared/components/headers/headers.component.ts">
        <metrics statements="2" coveredstatements="2" conditionals="0" coveredconditionals="0" methods="1" coveredmethods="1"/>
        <line num="1" count="2" type="stmt"/>
        <line num="8" count="2" type="stmt"/>
      </file>
    </package>
    <package name="app.shared.components.loader">
      <metrics statements="8" coveredstatements="8" conditionals="0" coveredconditionals="0" methods="4" coveredmethods="4"/>
      <file name="loader.component.ts" path="/Users/sam/workspace/sambath/angular/cloud-infrastructure/src/app/shared/components/loader/loader.component.ts">
        <metrics statements="8" coveredstatements="8" conditionals="0" coveredconditionals="0" methods="4" coveredmethods="4"/>
        <line num="1" count="2" type="stmt"/>
        <line num="3" count="2" type="stmt"/>
        <line num="10" count="2" type="stmt"/>
        <line num="12" count="3" type="stmt"/>
        <line num="14" count="3" type="stmt"/>
        <line num="16" count="3" type="stmt"/>
        <line num="18" count="3" type="stmt"/>
        <line num="22" count="1" type="stmt"/>
      </file>
    </package>
    <package name="app.shared.components.page-not-found">
      <metrics statements="2" coveredstatements="2" conditionals="0" coveredconditionals="0" methods="1" coveredmethods="1"/>
      <file name="page-not-found.component.ts" path="/Users/sam/workspace/sambath/angular/cloud-infrastructure/src/app/shared/components/page-not-found/page-not-found.component.ts">
        <metrics statements="2" coveredstatements="2" conditionals="0" coveredconditionals="0" methods="1" coveredmethods="1"/>
        <line num="1" count="2" type="stmt"/>
        <line num="8" count="2" type="stmt"/>
      </file>
    </package>
    <package name="app.shared.config">
      <metrics statements="3" coveredstatements="3" conditionals="0" coveredconditionals="0" methods="0" coveredmethods="0"/>
      <file name="filters.config.ts" path="/Users/sam/workspace/sambath/angular/cloud-infrastructure/src/app/shared/config/filters.config.ts">
        <metrics statements="2" coveredstatements="2" conditionals="0" coveredconditionals="0" methods="0" coveredmethods="0"/>
        <line num="2" count="3" type="stmt"/>
        <line num="9" count="3" type="stmt"/>
      </file>
      <file name="header.config.ts" path="/Users/sam/workspace/sambath/angular/cloud-infrastructure/src/app/shared/config/header.config.ts">
        <metrics statements="1" coveredstatements="1" conditionals="0" coveredconditionals="0" methods="0" coveredmethods="0"/>
        <line num="2" count="1" type="stmt"/>
      </file>
    </package>
    <package name="app.shared.helpers">
      <metrics statements="11" coveredstatements="8" conditionals="17" coveredconditionals="9" methods="4" coveredmethods="2"/>
      <file name="loader.interceptor.ts" path="/Users/sam/workspace/sambath/angular/cloud-infrastructure/src/app/shared/helpers/loader.interceptor.ts">
        <metrics statements="11" coveredstatements="8" conditionals="17" coveredconditionals="9" methods="4" coveredmethods="2"/>
        <line num="1" count="1" type="stmt"/>
        <line num="2" count="1" type="stmt"/>
        <line num="4" count="1" type="stmt"/>
        <line num="5" count="1" type="stmt"/>
        <line num="9" count="1" type="stmt"/>
        <line num="10" count="2" type="stmt"/>
        <line num="12" count="1" type="cond" truecount="3" falsecount="1"/>
        <line num="13" count="1" type="cond" truecount="6" falsecount="2"/>
        <line num="14" count="0" type="cond" truecount="0" falsecount="1"/>
        <line num="15" count="0" type="cond" truecount="0" falsecount="4"/>
        <line num="19" count="0" type="stmt"/>
      </file>
    </package>
    <package name="app.shared.services">
      <metrics statements="14" coveredstatements="14" conditionals="4" coveredconditionals="3" methods="5" coveredmethods="5"/>
      <file name="loader.service.ts" path="/Users/sam/workspace/sambath/angular/cloud-infrastructure/src/app/shared/services/loader.service.ts">
        <metrics statements="7" coveredstatements="7" conditionals="0" coveredconditionals="0" methods="3" coveredmethods="3"/>
        <line num="1" count="4" type="stmt"/>
        <line num="2" count="4" type="stmt"/>
        <line num="7" count="4" type="stmt"/>
        <line num="9" count="6" type="stmt"/>
        <line num="10" count="6" type="stmt"/>
        <line num="15" count="1" type="stmt"/>
        <line num="18" count="1" type="stmt"/>
      </file>
      <file name="server.service.ts" path="/Users/sam/workspace/sambath/angular/cloud-infrastructure/src/app/shared/services/server.service.ts">
        <metrics statements="7" coveredstatements="7" conditionals="4" coveredconditionals="3" methods="2" coveredmethods="2"/>
        <line num="1" count="2" type="stmt"/>
        <line num="3" count="2" type="stmt"/>
        <line num="4" count="2" type="stmt"/>
        <line num="10" count="2" type="stmt"/>
        <line num="12" count="2" type="stmt"/>
        <line num="14" count="2" type="stmt"/>
        <line num="17" count="1" type="cond" truecount="3" falsecount="1"/>
      </file>
    </package>
  </project>
</coverage>
