{"/Users/sam/workspace/sambath/angular/cloud-infrastructure/src/app/app.component.ts": {"path":"/Users/sam/workspace/sambath/angular/cloud-infrastructure/src/app/app.component.ts","statementMap":{"0":{"start":{"line":1,"column":0},"end":{"line":1,"column":42}},"1":{"start":{"line":8,"column":25},"end":{"line":9,"column":null}},"2":{"start":{"line":8,"column":13},"end":{"line":9,"column":null}},"3":{"start":{"line":8,"column":13},"end":{"line":8,"column":25}}},"fnMap":{},"branchMap":{},"s":{"0":1,"1":1,"2":1,"3":1},"f":{},"b":{}}
,"/Users/sam/workspace/sambath/angular/cloud-infrastructure/src/app/components/home/home.component.ts": {"path":"/Users/sam/workspace/sambath/angular/cloud-infrastructure/src/app/components/home/home.component.ts","statementMap":{"0":{"start":{"line":1,"column":0},"end":{"line":1,"column":50}},"1":{"start":{"line":2,"column":0},"end":{"line":2,"column":61}},"2":{"start":{"line":9,"column":26},"end":{"line":15,"column":null}},"3":{"start":{"line":11,"column":2},"end":{"line":11,"column":22}},"4":{"start":{"line":9,"column":13},"end":{"line":15,"column":null}},"5":{"start":{"line":9,"column":13},"end":{"line":9,"column":26}}},"fnMap":{"0":{"name":"(anonymous_0)","decl":{"start":{"line":13,"column":2},"end":{"line":13,"column":18}},"loc":{"start":{"line":13,"column":2},"end":{"line":13,"column":19}}}},"branchMap":{},"s":{"0":1,"1":1,"2":1,"3":1,"4":1,"5":1},"f":{"0":1},"b":{}}
,"/Users/sam/workspace/sambath/angular/cloud-infrastructure/src/app/components/home/servers/servers.component.ts": {"path":"/Users/sam/workspace/sambath/angular/cloud-infrastructure/src/app/components/home/servers/servers.component.ts","statementMap":{"0":{"start":{"line":1,"column":0},"end":{"line":1,"column":50}},"1":{"start":{"line":2,"column":0},"end":{"line":2,"column":9}},"2":{"start":{"line":4,"column":0},"end":{"line":4,"column":67}},"3":{"start":{"line":11,"column":29},"end":{"line":47,"column":null}},"4":{"start":{"line":17,"column":22},"end":{"line":17,"column":50}},"5":{"start":{"line":15,"column":2},"end":{"line":15,"column":32}},"6":{"start":{"line":20,"column":4},"end":{"line":20,"column":25}},"7":{"start":{"line":24,"column":4},"end":{"line":36,"column":7}},"8":{"start":{"line":25,"column":6},"end":{"line":35,"column":null}},"9":{"start":{"line":26,"column":8},"end":{"line":30,"column":null}},"10":{"start":{"line":27,"column":10},"end":{"line":27,"column":43}},"11":{"start":{"line":29,"column":10},"end":{"line":29,"column":27}},"12":{"start":{"line":32,"column":8},"end":{"line":34,"column":null}},"13":{"start":{"line":33,"column":10},"end":{"line":33,"column":27}},"14":{"start":{"line":37,"column":4},"end":{"line":37,"column":29}},"15":{"start":{"line":41,"column":4},"end":{"line":45,"column":7}},"16":{"start":{"line":42,"column":6},"end":{"line":44,"column":null}},"17":{"start":{"line":43,"column":8},"end":{"line":43,"column":35}},"18":{"start":{"line":11,"column":13},"end":{"line":47,"column":null}},"19":{"start":{"line":11,"column":13},"end":{"line":11,"column":29}}},"fnMap":{"0":{"name":"(anonymous_0)","decl":{"start":{"line":17,"column":2},"end":{"line":17,"column":22}},"loc":{"start":{"line":17,"column":50},"end":{"line":17,"column":55}}},"1":{"name":"(anonymous_1)","decl":{"start":{"line":19,"column":2},"end":{"line":19,"column":10}},"loc":{"start":{"line":19,"column":10},"end":{"line":21,"column":3}}},"2":{"name":"(anonymous_2)","decl":{"start":{"line":23,"column":2},"end":{"line":23,"column":12}},"loc":{"start":{"line":23,"column":17},"end":{"line":38,"column":3}}},"3":{"name":"(anonymous_3)","decl":{"start":{"line":24,"column":26},"end":{"line":24,"column":27}},"loc":{"start":{"line":24,"column":34},"end":{"line":36,"column":5}}},"4":{"name":"(anonymous_4)","decl":{"start":{"line":40,"column":2},"end":{"line":40,"column":15}},"loc":{"start":{"line":40,"column":23},"end":{"line":46,"column":3}}},"5":{"name":"(anonymous_5)","decl":{"start":{"line":41,"column":55},"end":{"line":41,"column":56}},"loc":{"start":{"line":41,"column":79},"end":{"line":45,"column":5}}}},"branchMap":{"0":{"loc":{"start":{"line":25,"column":6},"end":{"line":35,"column":null}},"type":"if","locations":[{"start":{"line":25,"column":6},"end":{"line":35,"column":null}},{"start":{"line":31,"column":13},"end":{"line":35,"column":null}}]},"1":{"loc":{"start":{"line":26,"column":8},"end":{"line":30,"column":null}},"type":"if","locations":[{"start":{"line":26,"column":8},"end":{"line":30,"column":null}},{"start":{"line":28,"column":15},"end":{"line":30,"column":null}}]},"2":{"loc":{"start":{"line":32,"column":8},"end":{"line":34,"column":null}},"type":"if","locations":[{"start":{"line":32,"column":8},"end":{"line":34,"column":null}}]},"3":{"loc":{"start":{"line":32,"column":12},"end":{"line":32,"column":77}},"type":"binary-expr","locations":[{"start":{"line":32,"column":12},"end":{"line":32,"column":30}},{"start":{"line":32,"column":34},"end":{"line":32,"column":57}},{"start":{"line":32,"column":61},"end":{"line":32,"column":77}}]},"4":{"loc":{"start":{"line":42,"column":6},"end":{"line":44,"column":null}},"type":"if","locations":[{"start":{"line":42,"column":6},"end":{"line":44,"column":null}}]}},"s":{"0":1,"1":1,"2":1,"3":1,"4":4,"5":4,"6":5,"7":1,"8":2,"9":1,"10":1,"11":0,"12":1,"13":0,"14":1,"15":7,"16":7,"17":7,"18":1,"19":1},"f":{"0":4,"1":5,"2":1,"3":2,"4":7,"5":7},"b":{"0":[1,1],"1":[1,0],"2":[0],"3":[1,1,1],"4":[7]}}
,"/Users/sam/workspace/sambath/angular/cloud-infrastructure/src/app/components/login/login.component.ts": {"path":"/Users/sam/workspace/sambath/angular/cloud-infrastructure/src/app/components/login/login.component.ts","statementMap":{"0":{"start":{"line":1,"column":0},"end":{"line":1,"column":50}},"1":{"start":{"line":2,"column":0},"end":{"line":2,"column":9}},"2":{"start":{"line":3,"column":0},"end":{"line":3,"column":9}},"3":{"start":{"line":10,"column":27},"end":{"line":33,"column":null}},"4":{"start":{"line":14,"column":22},"end":{"line":14,"column":46}},"5":{"start":{"line":14,"column":56},"end":{"line":14,"column":70}},"6":{"start":{"line":17,"column":4},"end":{"line":17,"column":40}},"7":{"start":{"line":18,"column":4},"end":{"line":18,"column":27}},"8":{"start":{"line":22,"column":4},"end":{"line":25,"column":null}},"9":{"start":{"line":23,"column":6},"end":{"line":23,"column":77}},"10":{"start":{"line":24,"column":6},"end":{"line":24,"column":41}},"11":{"start":{"line":28,"column":4},"end":{"line":31,"column":7}},"12":{"start":{"line":10,"column":13},"end":{"line":33,"column":null}},"13":{"start":{"line":10,"column":13},"end":{"line":10,"column":27}}},"fnMap":{"0":{"name":"(anonymous_0)","decl":{"start":{"line":14,"column":2},"end":{"line":14,"column":22}},"loc":{"start":{"line":14,"column":70},"end":{"line":14,"column":75}}},"1":{"name":"(anonymous_1)","decl":{"start":{"line":16,"column":2},"end":{"line":16,"column":10}},"loc":{"start":{"line":16,"column":10},"end":{"line":19,"column":3}}},"2":{"name":"(anonymous_2)","decl":{"start":{"line":21,"column":2},"end":{"line":21,"column":7}},"loc":{"start":{"line":21,"column":7},"end":{"line":26,"column":3}}},"3":{"name":"(anonymous_3)","decl":{"start":{"line":27,"column":2},"end":{"line":27,"column":17}},"loc":{"start":{"line":27,"column":17},"end":{"line":32,"column":3}}}},"branchMap":{"0":{"loc":{"start":{"line":22,"column":4},"end":{"line":25,"column":null}},"type":"if","locations":[{"start":{"line":22,"column":4},"end":{"line":25,"column":null}}]},"1":{"loc":{"start":{"line":22,"column":8},"end":{"line":22,"column":107}},"type":"binary-expr","locations":[{"start":{"line":22,"column":8},"end":{"line":22,"column":54}},{"start":{"line":22,"column":58},"end":{"line":22,"column":107}}]},"2":{"loc":{"start":{"line":22,"column":8},"end":{"line":22,"column":42}},"type":"cond-expr","locations":[{"start":{"line":22,"column":22},"end":{"line":22,"column":24}},{"start":{"line":22,"column":22},"end":{"line":22,"column":42}}]},"3":{"loc":{"start":{"line":22,"column":8},"end":{"line":22,"column":24}},"type":"binary-expr","locations":[{"start":{"line":22,"column":8},"end":{"line":22,"column":24}},{"start":{"line":22,"column":22},"end":{"line":22,"column":24}}]},"4":{"loc":{"start":{"line":22,"column":58},"end":{"line":22,"column":95}},"type":"cond-expr","locations":[{"start":{"line":22,"column":72},"end":{"line":22,"column":74}},{"start":{"line":22,"column":72},"end":{"line":22,"column":95}}]},"5":{"loc":{"start":{"line":22,"column":58},"end":{"line":22,"column":74}},"type":"binary-expr","locations":[{"start":{"line":22,"column":58},"end":{"line":22,"column":74}},{"start":{"line":22,"column":72},"end":{"line":22,"column":74}}]},"6":{"loc":{"start":{"line":28,"column":18},"end":{"line":31,"column":6}},"type":"cond-expr","locations":[{"start":{"line":28,"column":37},"end":{"line":28,"column":39}},{"start":{"line":28,"column":37},"end":{"line":31,"column":6}}]},"7":{"loc":{"start":{"line":28,"column":18},"end":{"line":28,"column":39}},"type":"binary-expr","locations":[{"start":{"line":28,"column":18},"end":{"line":28,"column":39}},{"start":{"line":28,"column":37},"end":{"line":28,"column":39}}]}},"s":{"0":1,"1":1,"2":1,"3":1,"4":4,"5":4,"6":5,"7":5,"8":1,"9":0,"10":0,"11":6,"12":1,"13":1},"f":{"0":4,"1":5,"2":1,"3":6},"b":{"0":[0],"1":[1,0],"2":[0,1],"3":[1,1],"4":[0,0],"5":[0,0],"6":[0,6],"7":[6,6]}}
,"/Users/sam/workspace/sambath/angular/cloud-infrastructure/src/app/guards/auth.guard.ts": {"path":"/Users/sam/workspace/sambath/angular/cloud-infrastructure/src/app/guards/auth.guard.ts","statementMap":{"0":{"start":{"line":1,"column":0},"end":{"line":1,"column":43}},"1":{"start":{"line":2,"column":0},"end":{"line":2,"column":67}},"2":{"start":{"line":7,"column":22},"end":{"line":20,"column":null}},"3":{"start":{"line":9,"column":24},"end":{"line":9,"column":38}},"4":{"start":{"line":13,"column":28},"end":{"line":13,"column":60}},"5":{"start":{"line":14,"column":8},"end":{"line":16,"column":null}},"6":{"start":{"line":15,"column":12},"end":{"line":15,"column":24}},"7":{"start":{"line":17,"column":8},"end":{"line":17,"column":85}},"8":{"start":{"line":18,"column":8},"end":{"line":18,"column":21}},"9":{"start":{"line":7,"column":13},"end":{"line":20,"column":null}},"10":{"start":{"line":7,"column":13},"end":{"line":7,"column":22}}},"fnMap":{"0":{"name":"(anonymous_0)","decl":{"start":{"line":9,"column":4},"end":{"line":9,"column":24}},"loc":{"start":{"line":9,"column":38},"end":{"line":9,"column":43}}},"1":{"name":"(anonymous_1)","decl":{"start":{"line":12,"column":4},"end":{"line":12,"column":15}},"loc":{"start":{"line":12,"column":73},"end":{"line":19,"column":5}}}},"branchMap":{"0":{"loc":{"start":{"line":14,"column":8},"end":{"line":16,"column":null}},"type":"if","locations":[{"start":{"line":14,"column":8},"end":{"line":16,"column":null}}]},"1":{"loc":{"start":{"line":17,"column":8},"end":{"line":17,"column":85}},"type":"cond-expr","locations":[{"start":{"line":17,"column":19},"end":{"line":17,"column":21}},{"start":{"line":17,"column":19},"end":{"line":17,"column":85}}]},"2":{"loc":{"start":{"line":17,"column":8},"end":{"line":17,"column":21}},"type":"binary-expr","locations":[{"start":{"line":17,"column":8},"end":{"line":17,"column":21}},{"start":{"line":17,"column":19},"end":{"line":17,"column":21}}]}},"s":{"0":1,"1":1,"2":1,"3":2,"4":1,"5":1,"6":0,"7":1,"8":1,"9":1,"10":1},"f":{"0":2,"1":1},"b":{"0":[0],"1":[1,0],"2":[1,1]}}
,"/Users/sam/workspace/sambath/angular/cloud-infrastructure/src/app/shared/components/filters/filters.component.ts": {"path":"/Users/sam/workspace/sambath/angular/cloud-infrastructure/src/app/shared/components/filters/filters.component.ts","statementMap":{"0":{"start":{"line":1,"column":0},"end":{"line":1,"column":97}},"1":{"start":{"line":2,"column":0},"end":{"line":2,"column":60}},"2":{"start":{"line":4,"column":0},"end":{"line":4,"column":9}},"3":{"start":{"line":5,"column":0},"end":{"line":5,"column":20}},"4":{"start":{"line":12,"column":29},"end":{"line":85,"column":null}},"5":{"start":{"line":21,"column":22},"end":{"line":21,"column":46}},"6":{"start":{"line":21,"column":56},"end":{"line":21,"column":80}},"7":{"start":{"line":15,"column":2},"end":{"line":15,"column":41}},"8":{"start":{"line":17,"column":2},"end":{"line":17,"column":15}},"9":{"start":{"line":18,"column":2},"end":{"line":18,"column":17}},"10":{"start":{"line":19,"column":12},"end":{"line":19,"column":63}},"11":{"start":{"line":24,"column":4},"end":{"line":24,"column":50}},"12":{"start":{"line":25,"column":4},"end":{"line":40,"column":7}},"13":{"start":{"line":26,"column":6},"end":{"line":39,"column":null}},"14":{"start":{"line":28,"column":10},"end":{"line":28,"column":72}},"15":{"start":{"line":29,"column":10},"end":{"line":29,"column":16}},"16":{"start":{"line":31,"column":10},"end":{"line":31,"column":76}},"17":{"start":{"line":32,"column":10},"end":{"line":32,"column":77}},"18":{"start":{"line":33,"column":10},"end":{"line":33,"column":40}},"19":{"start":{"line":34,"column":10},"end":{"line":34,"column":40}},"20":{"start":{"line":35,"column":10},"end":{"line":35,"column":16}},"21":{"start":{"line":37,"column":10},"end":{"line":37,"column":76}},"22":{"start":{"line":38,"column":10},"end":{"line":38,"column":16}},"23":{"start":{"line":44,"column":4},"end":{"line":44,"column":32}},"24":{"start":{"line":49,"column":4},"end":{"line":59,"column":6}},"25":{"start":{"line":54,"column":8},"end":{"line":57,"column":10}},"26":{"start":{"line":63,"column":33},"end":{"line":63,"column":76}},"27":{"start":{"line":64,"column":4},"end":{"line":71,"column":null}},"28":{"start":{"line":65,"column":6},"end":{"line":65,"column":59}},"29":{"start":{"line":67,"column":20},"end":{"line":67,"column":81}},"30":{"start":{"line":67,"column":54},"end":{"line":67,"column":80}},"31":{"start":{"line":68,"column":6},"end":{"line":70,"column":null}},"32":{"start":{"line":69,"column":8},"end":{"line":69,"column":35}},"33":{"start":{"line":75,"column":4},"end":{"line":75,"column":60}},"34":{"start":{"line":79,"column":4},"end":{"line":79,"column":61}},"35":{"start":{"line":83,"column":4},"end":{"line":83,"column":50}},"36":{"start":{"line":12,"column":13},"end":{"line":85,"column":null}},"37":{"start":{"line":12,"column":13},"end":{"line":12,"column":29}}},"fnMap":{"0":{"name":"(anonymous_0)","decl":{"start":{"line":21,"column":2},"end":{"line":21,"column":22}},"loc":{"start":{"line":21,"column":80},"end":{"line":21,"column":85}}},"1":{"name":"(anonymous_1)","decl":{"start":{"line":23,"column":2},"end":{"line":23,"column":10}},"loc":{"start":{"line":23,"column":10},"end":{"line":41,"column":3}}},"2":{"name":"(anonymous_2)","decl":{"start":{"line":25,"column":25},"end":{"line":25,"column":26}},"loc":{"start":{"line":25,"column":38},"end":{"line":40,"column":5}}},"3":{"name":"(anonymous_3)","decl":{"start":{"line":43,"column":2},"end":{"line":43,"column":20}},"loc":{"start":{"line":43,"column":20},"end":{"line":45,"column":3}}},"4":{"name":"(anonymous_4)","decl":{"start":{"line":48,"column":2},"end":{"line":48,"column":15}},"loc":{"start":{"line":48,"column":20},"end":{"line":60,"column":3}}},"5":{"name":"(anonymous_5)","decl":{"start":{"line":53,"column":27},"end":{"line":53,"column":28}},"loc":{"start":{"line":53,"column":34},"end":{"line":58,"column":7}}},"6":{"name":"(anonymous_6)","decl":{"start":{"line":62,"column":2},"end":{"line":62,"column":18}},"loc":{"start":{"line":62,"column":30},"end":{"line":72,"column":3}}},"7":{"name":"(anonymous_7)","decl":{"start":{"line":67,"column":47},"end":{"line":67,"column":50}},"loc":{"start":{"line":67,"column":54},"end":{"line":67,"column":80}}},"8":{"name":"(anonymous_8)","decl":{"start":{"line":74,"column":2},"end":{"line":74,"column":13}},"loc":{"start":{"line":74,"column":25},"end":{"line":76,"column":3}}},"9":{"name":"(anonymous_9)","decl":{"start":{"line":78,"column":2},"end":{"line":78,"column":17}},"loc":{"start":{"line":78,"column":29},"end":{"line":80,"column":3}}},"10":{"name":"(anonymous_10)","decl":{"start":{"line":82,"column":2},"end":{"line":82,"column":10}},"loc":{"start":{"line":82,"column":10},"end":{"line":84,"column":3}}}},"branchMap":{"0":{"loc":{"start":{"line":24,"column":19},"end":{"line":24,"column":49}},"type":"cond-expr","locations":[{"start":{"line":24,"column":38},"end":{"line":24,"column":40}},{"start":{"line":24,"column":38},"end":{"line":24,"column":49}}]},"1":{"loc":{"start":{"line":24,"column":19},"end":{"line":24,"column":40}},"type":"binary-expr","locations":[{"start":{"line":24,"column":19},"end":{"line":24,"column":40}},{"start":{"line":24,"column":38},"end":{"line":24,"column":40}}]},"2":{"loc":{"start":{"line":25,"column":4},"end":{"line":40,"column":7}},"type":"cond-expr","locations":[{"start":{"line":25,"column":19},"end":{"line":25,"column":21}},{"start":{"line":25,"column":19},"end":{"line":40,"column":7}}]},"3":{"loc":{"start":{"line":25,"column":4},"end":{"line":25,"column":21}},"type":"binary-expr","locations":[{"start":{"line":25,"column":4},"end":{"line":25,"column":21}},{"start":{"line":25,"column":19},"end":{"line":25,"column":21}}]},"4":{"loc":{"start":{"line":26,"column":6},"end":{"line":39,"column":null}},"type":"switch","locations":[{"start":{"line":27,"column":8},"end":{"line":29,"column":16}},{"start":{"line":30,"column":8},"end":{"line":35,"column":16}},{"start":{"line":36,"column":8},"end":{"line":38,"column":16}}]},"5":{"loc":{"start":{"line":26,"column":14},"end":{"line":26,"column":28}},"type":"cond-expr","locations":[{"start":{"line":26,"column":22},"end":{"line":26,"column":24}},{"start":{"line":26,"column":14},"end":{"line":26,"column":28}}]},"6":{"loc":{"start":{"line":26,"column":14},"end":{"line":26,"column":24}},"type":"binary-expr","locations":[{"start":{"line":26,"column":14},"end":{"line":26,"column":24}},{"start":{"line":26,"column":14},"end":{"line":26,"column":24}}]},"7":{"loc":{"start":{"line":27,"column":8},"end":{"line":27,"column":39}},"type":"cond-expr","locations":[{"start":{"line":27,"column":29},"end":{"line":27,"column":31}},{"start":{"line":27,"column":29},"end":{"line":27,"column":39}}]},"8":{"loc":{"start":{"line":27,"column":8},"end":{"line":27,"column":31}},"type":"binary-expr","locations":[{"start":{"line":27,"column":8},"end":{"line":27,"column":31}},{"start":{"line":27,"column":29},"end":{"line":27,"column":31}}]},"9":{"loc":{"start":{"line":28,"column":10},"end":{"line":28,"column":72}},"type":"cond-expr","locations":[{"start":{"line":28,"column":25},"end":{"line":28,"column":27}},{"start":{"line":28,"column":25},"end":{"line":28,"column":72}}]},"10":{"loc":{"start":{"line":28,"column":10},"end":{"line":28,"column":27}},"type":"binary-expr","locations":[{"start":{"line":28,"column":10},"end":{"line":28,"column":27}},{"start":{"line":28,"column":25},"end":{"line":28,"column":27}}]},"11":{"loc":{"start":{"line":28,"column":38},"end":{"line":28,"column":51}},"type":"cond-expr","locations":[{"start":{"line":28,"column":46},"end":{"line":28,"column":48}},{"start":{"line":28,"column":38},"end":{"line":28,"column":51}}]},"12":{"loc":{"start":{"line":28,"column":38},"end":{"line":28,"column":48}},"type":"binary-expr","locations":[{"start":{"line":28,"column":38},"end":{"line":28,"column":48}},{"start":{"line":28,"column":38},"end":{"line":28,"column":48}}]},"13":{"loc":{"start":{"line":31,"column":10},"end":{"line":31,"column":76}},"type":"cond-expr","locations":[{"start":{"line":31,"column":25},"end":{"line":31,"column":27}},{"start":{"line":31,"column":25},"end":{"line":31,"column":76}}]},"14":{"loc":{"start":{"line":31,"column":10},"end":{"line":31,"column":27}},"type":"binary-expr","locations":[{"start":{"line":31,"column":10},"end":{"line":31,"column":27}},{"start":{"line":31,"column":25},"end":{"line":31,"column":27}}]},"15":{"loc":{"start":{"line":31,"column":38},"end":{"line":31,"column":51}},"type":"cond-expr","locations":[{"start":{"line":31,"column":46},"end":{"line":31,"column":48}},{"start":{"line":31,"column":38},"end":{"line":31,"column":51}}]},"16":{"loc":{"start":{"line":31,"column":38},"end":{"line":31,"column":48}},"type":"binary-expr","locations":[{"start":{"line":31,"column":38},"end":{"line":31,"column":48}},{"start":{"line":31,"column":38},"end":{"line":31,"column":48}}]},"17":{"loc":{"start":{"line":32,"column":10},"end":{"line":32,"column":77}},"type":"cond-expr","locations":[{"start":{"line":32,"column":25},"end":{"line":32,"column":27}},{"start":{"line":32,"column":25},"end":{"line":32,"column":77}}]},"18":{"loc":{"start":{"line":32,"column":10},"end":{"line":32,"column":27}},"type":"binary-expr","locations":[{"start":{"line":32,"column":10},"end":{"line":32,"column":27}},{"start":{"line":32,"column":25},"end":{"line":32,"column":27}}]},"19":{"loc":{"start":{"line":32,"column":38},"end":{"line":32,"column":52}},"type":"cond-expr","locations":[{"start":{"line":32,"column":46},"end":{"line":32,"column":48}},{"start":{"line":32,"column":38},"end":{"line":32,"column":52}}]},"20":{"loc":{"start":{"line":32,"column":38},"end":{"line":32,"column":48}},"type":"binary-expr","locations":[{"start":{"line":32,"column":38},"end":{"line":32,"column":48}},{"start":{"line":32,"column":38},"end":{"line":32,"column":48}}]},"21":{"loc":{"start":{"line":33,"column":26},"end":{"line":33,"column":39}},"type":"cond-expr","locations":[{"start":{"line":33,"column":34},"end":{"line":33,"column":36}},{"start":{"line":33,"column":26},"end":{"line":33,"column":39}}]},"22":{"loc":{"start":{"line":33,"column":26},"end":{"line":33,"column":36}},"type":"binary-expr","locations":[{"start":{"line":33,"column":26},"end":{"line":33,"column":36}},{"start":{"line":33,"column":26},"end":{"line":33,"column":36}}]},"23":{"loc":{"start":{"line":34,"column":26},"end":{"line":34,"column":39}},"type":"cond-expr","locations":[{"start":{"line":34,"column":34},"end":{"line":34,"column":36}},{"start":{"line":34,"column":26},"end":{"line":34,"column":39}}]},"24":{"loc":{"start":{"line":34,"column":26},"end":{"line":34,"column":36}},"type":"binary-expr","locations":[{"start":{"line":34,"column":26},"end":{"line":34,"column":36}},{"start":{"line":34,"column":26},"end":{"line":34,"column":36}}]},"25":{"loc":{"start":{"line":37,"column":10},"end":{"line":37,"column":76}},"type":"cond-expr","locations":[{"start":{"line":37,"column":25},"end":{"line":37,"column":27}},{"start":{"line":37,"column":25},"end":{"line":37,"column":76}}]},"26":{"loc":{"start":{"line":37,"column":10},"end":{"line":37,"column":27}},"type":"binary-expr","locations":[{"start":{"line":37,"column":10},"end":{"line":37,"column":27}},{"start":{"line":37,"column":25},"end":{"line":37,"column":27}}]},"27":{"loc":{"start":{"line":37,"column":38},"end":{"line":37,"column":51}},"type":"cond-expr","locations":[{"start":{"line":37,"column":46},"end":{"line":37,"column":48}},{"start":{"line":37,"column":38},"end":{"line":37,"column":51}}]},"28":{"loc":{"start":{"line":37,"column":38},"end":{"line":37,"column":48}},"type":"binary-expr","locations":[{"start":{"line":37,"column":38},"end":{"line":37,"column":48}},{"start":{"line":37,"column":38},"end":{"line":37,"column":48}}]},"29":{"loc":{"start":{"line":44,"column":4},"end":{"line":44,"column":32}},"type":"cond-expr","locations":[{"start":{"line":44,"column":14},"end":{"line":44,"column":16}},{"start":{"line":44,"column":14},"end":{"line":44,"column":32}}]},"30":{"loc":{"start":{"line":44,"column":4},"end":{"line":44,"column":16}},"type":"binary-expr","locations":[{"start":{"line":44,"column":4},"end":{"line":44,"column":16}},{"start":{"line":44,"column":14},"end":{"line":44,"column":16}}]},"31":{"loc":{"start":{"line":63,"column":33},"end":{"line":63,"column":76}},"type":"cond-expr","locations":[{"start":{"line":63,"column":48},"end":{"line":63,"column":50}},{"start":{"line":63,"column":48},"end":{"line":63,"column":76}}]},"32":{"loc":{"start":{"line":63,"column":33},"end":{"line":63,"column":50}},"type":"binary-expr","locations":[{"start":{"line":63,"column":33},"end":{"line":63,"column":50}},{"start":{"line":63,"column":48},"end":{"line":63,"column":50}}]},"33":{"loc":{"start":{"line":64,"column":4},"end":{"line":71,"column":null}},"type":"if","locations":[{"start":{"line":64,"column":4},"end":{"line":71,"column":null}},{"start":{"line":66,"column":11},"end":{"line":71,"column":null}}]},"34":{"loc":{"start":{"line":64,"column":4},"end":{"line":64,"column":30}},"type":"cond-expr","locations":[{"start":{"line":64,"column":21},"end":{"line":64,"column":23}},{"start":{"line":64,"column":21},"end":{"line":64,"column":30}}]},"35":{"loc":{"start":{"line":64,"column":4},"end":{"line":64,"column":23}},"type":"binary-expr","locations":[{"start":{"line":64,"column":4},"end":{"line":64,"column":23}},{"start":{"line":64,"column":21},"end":{"line":64,"column":23}}]},"36":{"loc":{"start":{"line":64,"column":8},"end":{"line":64,"column":21}},"type":"cond-expr","locations":[{"start":{"line":64,"column":13},"end":{"line":64,"column":15}},{"start":{"line":64,"column":8},"end":{"line":64,"column":21}}]},"37":{"loc":{"start":{"line":64,"column":8},"end":{"line":64,"column":15}},"type":"binary-expr","locations":[{"start":{"line":64,"column":8},"end":{"line":64,"column":15}},{"start":{"line":64,"column":8},"end":{"line":64,"column":15}}]},"38":{"loc":{"start":{"line":65,"column":6},"end":{"line":65,"column":59}},"type":"cond-expr","locations":[{"start":{"line":65,"column":15},"end":{"line":65,"column":17}},{"start":{"line":65,"column":6},"end":{"line":65,"column":59}}]},"39":{"loc":{"start":{"line":65,"column":6},"end":{"line":65,"column":17}},"type":"binary-expr","locations":[{"start":{"line":65,"column":6},"end":{"line":65,"column":17}},{"start":{"line":65,"column":6},"end":{"line":65,"column":17}}]},"40":{"loc":{"start":{"line":67,"column":20},"end":{"line":67,"column":81}},"type":"cond-expr","locations":[{"start":{"line":67,"column":29},"end":{"line":67,"column":31}},{"start":{"line":67,"column":20},"end":{"line":67,"column":81}}]},"41":{"loc":{"start":{"line":67,"column":20},"end":{"line":67,"column":31}},"type":"binary-expr","locations":[{"start":{"line":67,"column":20},"end":{"line":67,"column":31}},{"start":{"line":67,"column":20},"end":{"line":67,"column":31}}]},"42":{"loc":{"start":{"line":68,"column":6},"end":{"line":70,"column":null}},"type":"if","locations":[{"start":{"line":68,"column":6},"end":{"line":70,"column":null}}]},"43":{"loc":{"start":{"line":69,"column":8},"end":{"line":69,"column":35}},"type":"cond-expr","locations":[{"start":{"line":69,"column":17},"end":{"line":69,"column":19}},{"start":{"line":69,"column":8},"end":{"line":69,"column":35}}]},"44":{"loc":{"start":{"line":69,"column":8},"end":{"line":69,"column":19}},"type":"binary-expr","locations":[{"start":{"line":69,"column":8},"end":{"line":69,"column":19}},{"start":{"line":69,"column":8},"end":{"line":69,"column":19}}]},"45":{"loc":{"start":{"line":75,"column":4},"end":{"line":75,"column":60}},"type":"cond-expr","locations":[{"start":{"line":75,"column":19},"end":{"line":75,"column":21}},{"start":{"line":75,"column":19},"end":{"line":75,"column":60}}]},"46":{"loc":{"start":{"line":75,"column":4},"end":{"line":75,"column":21}},"type":"binary-expr","locations":[{"start":{"line":75,"column":4},"end":{"line":75,"column":21}},{"start":{"line":75,"column":19},"end":{"line":75,"column":21}}]},"47":{"loc":{"start":{"line":79,"column":4},"end":{"line":79,"column":61}},"type":"cond-expr","locations":[{"start":{"line":79,"column":19},"end":{"line":79,"column":21}},{"start":{"line":79,"column":19},"end":{"line":79,"column":61}}]},"48":{"loc":{"start":{"line":79,"column":4},"end":{"line":79,"column":21}},"type":"binary-expr","locations":[{"start":{"line":79,"column":4},"end":{"line":79,"column":21}},{"start":{"line":79,"column":19},"end":{"line":79,"column":21}}]},"49":{"loc":{"start":{"line":83,"column":4},"end":{"line":83,"column":50}},"type":"cond-expr","locations":[{"start":{"line":83,"column":19},"end":{"line":83,"column":21}},{"start":{"line":83,"column":19},"end":{"line":83,"column":50}}]},"50":{"loc":{"start":{"line":83,"column":4},"end":{"line":83,"column":21}},"type":"binary-expr","locations":[{"start":{"line":83,"column":4},"end":{"line":83,"column":21}},{"start":{"line":83,"column":19},"end":{"line":83,"column":21}}]},"51":{"loc":{"start":{"line":83,"column":25},"end":{"line":83,"column":48}},"type":"cond-expr","locations":[{"start":{"line":83,"column":41},"end":{"line":83,"column":43}},{"start":{"line":83,"column":41},"end":{"line":83,"column":48}}]},"52":{"loc":{"start":{"line":83,"column":25},"end":{"line":83,"column":43}},"type":"binary-expr","locations":[{"start":{"line":83,"column":25},"end":{"line":83,"column":43}},{"start":{"line":83,"column":41},"end":{"line":83,"column":43}}]}},"s":{"0":2,"1":2,"2":2,"3":2,"4":2,"5":9,"6":9,"7":9,"8":9,"9":9,"10":9,"11":10,"12":10,"13":30,"14":10,"15":10,"16":10,"17":10,"18":10,"19":10,"20":10,"21":10,"22":10,"23":10,"24":1,"25":1,"26":2,"27":2,"28":1,"29":1,"30":1,"31":1,"32":1,"33":1,"34":1,"35":1,"36":2,"37":2},"f":{"0":9,"1":10,"2":30,"3":10,"4":1,"5":1,"6":2,"7":1,"8":1,"9":1,"10":1},"b":{"0":[0,10],"1":[10,10],"2":[0,10],"3":[10,10],"4":[10,10,10],"5":[0,30],"6":[30,30],"7":[0,30],"8":[30,30],"9":[0,10],"10":[10,10],"11":[0,10],"12":[10,10],"13":[0,10],"14":[10,10],"15":[0,10],"16":[10,10],"17":[0,10],"18":[10,10],"19":[0,10],"20":[10,10],"21":[0,10],"22":[10,10],"23":[0,10],"24":[10,10],"25":[0,10],"26":[10,10],"27":[0,10],"28":[10,10],"29":[0,10],"30":[10,10],"31":[0,2],"32":[2,2],"33":[1,1],"34":[0,2],"35":[2,2],"36":[0,2],"37":[2,2],"38":[0,1],"39":[1,1],"40":[0,1],"41":[1,1],"42":[1],"43":[0,1],"44":[1,1],"45":[0,1],"46":[1,1],"47":[0,1],"48":[1,1],"49":[0,1],"50":[1,1],"51":[0,1],"52":[1,1]}}
,"/Users/sam/workspace/sambath/angular/cloud-infrastructure/src/app/shared/components/headers/headers.component.ts": {"path":"/Users/sam/workspace/sambath/angular/cloud-infrastructure/src/app/shared/components/headers/headers.component.ts","statementMap":{"0":{"start":{"line":1,"column":0},"end":{"line":1,"column":49}},"1":{"start":{"line":8,"column":29},"end":{"line":14,"column":null}},"2":{"start":{"line":8,"column":13},"end":{"line":14,"column":null}},"3":{"start":{"line":8,"column":13},"end":{"line":8,"column":29}}},"fnMap":{"0":{"name":"(anonymous_0)","decl":{"start":{"line":12,"column":2},"end":{"line":12,"column":18}},"loc":{"start":{"line":12,"column":2},"end":{"line":12,"column":19}}}},"branchMap":{},"s":{"0":2,"1":2,"2":2,"3":2},"f":{"0":1},"b":{}}
,"/Users/sam/workspace/sambath/angular/cloud-infrastructure/src/app/shared/components/loader/loader.component.ts": {"path":"/Users/sam/workspace/sambath/angular/cloud-infrastructure/src/app/shared/components/loader/loader.component.ts","statementMap":{"0":{"start":{"line":1,"column":0},"end":{"line":1,"column":61}},"1":{"start":{"line":3,"column":0},"end":{"line":3,"column":9}},"2":{"start":{"line":10,"column":28},"end":{"line":25,"column":null}},"3":{"start":{"line":14,"column":22},"end":{"line":14,"column":50}},"4":{"start":{"line":12,"column":2},"end":{"line":12,"column":15}},"5":{"start":{"line":16,"column":4},"end":{"line":19,"column":9}},"6":{"start":{"line":18,"column":8},"end":{"line":18,"column":26}},"7":{"start":{"line":22,"column":4},"end":{"line":22,"column":36}},"8":{"start":{"line":10,"column":13},"end":{"line":25,"column":null}},"9":{"start":{"line":10,"column":13},"end":{"line":10,"column":28}}},"fnMap":{"0":{"name":"(anonymous_0)","decl":{"start":{"line":14,"column":2},"end":{"line":14,"column":22}},"loc":{"start":{"line":14,"column":50},"end":{"line":14,"column":55}}},"1":{"name":"(anonymous_1)","decl":{"start":{"line":15,"column":2},"end":{"line":15,"column":10}},"loc":{"start":{"line":15,"column":10},"end":{"line":20,"column":3}}},"2":{"name":"(anonymous_2)","decl":{"start":{"line":17,"column":17},"end":{"line":17,"column":18}},"loc":{"start":{"line":17,"column":32},"end":{"line":19,"column":7}}},"3":{"name":"(anonymous_3)","decl":{"start":{"line":21,"column":2},"end":{"line":21,"column":13}},"loc":{"start":{"line":21,"column":13},"end":{"line":23,"column":3}}}},"branchMap":{},"s":{"0":2,"1":2,"2":2,"3":3,"4":3,"5":3,"6":3,"7":1,"8":2,"9":2},"f":{"0":3,"1":3,"2":3,"3":1},"b":{}}
,"/Users/sam/workspace/sambath/angular/cloud-infrastructure/src/app/shared/components/page-not-found/page-not-found.component.ts": {"path":"/Users/sam/workspace/sambath/angular/cloud-infrastructure/src/app/shared/components/page-not-found/page-not-found.component.ts","statementMap":{"0":{"start":{"line":1,"column":0},"end":{"line":1,"column":42}},"1":{"start":{"line":8,"column":34},"end":{"line":12,"column":null}},"2":{"start":{"line":8,"column":13},"end":{"line":12,"column":null}},"3":{"start":{"line":8,"column":13},"end":{"line":8,"column":34}}},"fnMap":{"0":{"name":"(anonymous_0)","decl":{"start":{"line":10,"column":2},"end":{"line":10,"column":18}},"loc":{"start":{"line":10,"column":2},"end":{"line":10,"column":19}}}},"branchMap":{},"s":{"0":2,"1":2,"2":2,"3":2},"f":{"0":1},"b":{}}
,"/Users/sam/workspace/sambath/angular/cloud-infrastructure/src/app/shared/config/filters.config.ts": {"path":"/Users/sam/workspace/sambath/angular/cloud-infrastructure/src/app/shared/config/filters.config.ts","statementMap":{"0":{"start":{"line":2,"column":13},"end":{"line":7,"column":2}},"1":{"start":{"line":9,"column":13},"end":{"line":65,"column":2}}},"fnMap":{},"branchMap":{},"s":{"0":3,"1":3},"f":{},"b":{}}
,"/Users/sam/workspace/sambath/angular/cloud-infrastructure/src/app/shared/config/header.config.ts": {"path":"/Users/sam/workspace/sambath/angular/cloud-infrastructure/src/app/shared/config/header.config.ts","statementMap":{"0":{"start":{"line":2,"column":13},"end":{"line":11,"column":2}}},"fnMap":{},"branchMap":{},"s":{"0":1},"f":{},"b":{}}
,"/Users/sam/workspace/sambath/angular/cloud-infrastructure/src/app/shared/helpers/loader.interceptor.ts": {"path":"/Users/sam/workspace/sambath/angular/cloud-infrastructure/src/app/shared/helpers/loader.interceptor.ts","statementMap":{"0":{"start":{"line":1,"column":0},"end":{"line":1,"column":43}},"1":{"start":{"line":2,"column":0},"end":{"line":2,"column":106}},"2":{"start":{"line":4,"column":0},"end":{"line":4,"column":42}},"3":{"start":{"line":5,"column":0},"end":{"line":5,"column":9}},"4":{"start":{"line":9,"column":30},"end":{"line":22,"column":null}},"5":{"start":{"line":10,"column":24},"end":{"line":10,"column":52}},"6":{"start":{"line":12,"column":8},"end":{"line":12,"column":35}},"7":{"start":{"line":13,"column":8},"end":{"line":20,"column":12}},"8":{"start":{"line":14,"column":12},"end":{"line":16,"column":null}},"9":{"start":{"line":15,"column":16},"end":{"line":15,"column":43}},"10":{"start":{"line":19,"column":12},"end":{"line":19,"column":38}},"11":{"start":{"line":9,"column":13},"end":{"line":22,"column":null}},"12":{"start":{"line":9,"column":13},"end":{"line":9,"column":30}}},"fnMap":{"0":{"name":"(anonymous_0)","decl":{"start":{"line":10,"column":4},"end":{"line":10,"column":24}},"loc":{"start":{"line":10,"column":52},"end":{"line":10,"column":57}}},"1":{"name":"(anonymous_1)","decl":{"start":{"line":11,"column":4},"end":{"line":11,"column":13}},"loc":{"start":{"line":11,"column":54},"end":{"line":21,"column":5}}},"2":{"name":"(anonymous_2)","decl":{"start":{"line":13,"column":43},"end":{"line":13,"column":44}},"loc":{"start":{"line":13,"column":69},"end":{"line":17,"column":9}}},"3":{"name":"(anonymous_3)","decl":{"start":{"line":18,"column":8},"end":{"line":18,"column":9}},"loc":{"start":{"line":18,"column":21},"end":{"line":20,"column":9}}}},"branchMap":{"0":{"loc":{"start":{"line":12,"column":8},"end":{"line":12,"column":35}},"type":"cond-expr","locations":[{"start":{"line":12,"column":26},"end":{"line":12,"column":28}},{"start":{"line":12,"column":26},"end":{"line":12,"column":35}}]},"1":{"loc":{"start":{"line":12,"column":8},"end":{"line":12,"column":28}},"type":"binary-expr","locations":[{"start":{"line":12,"column":8},"end":{"line":12,"column":28}},{"start":{"line":12,"column":26},"end":{"line":12,"column":28}}]},"2":{"loc":{"start":{"line":13,"column":8},"end":{"line":20,"column":12}},"type":"cond-expr","locations":[{"start":{"line":13,"column":31},"end":{"line":13,"column":34}},{"start":{"line":13,"column":31},"end":{"line":20,"column":12}}]},"3":{"loc":{"start":{"line":13,"column":8},"end":{"line":13,"column":34}},"type":"binary-expr","locations":[{"start":{"line":13,"column":8},"end":{"line":13,"column":34}},{"start":{"line":13,"column":31},"end":{"line":13,"column":34}}]},"4":{"loc":{"start":{"line":13,"column":15},"end":{"line":13,"column":34}},"type":"cond-expr","locations":[{"start":{"line":13,"column":19},"end":{"line":13,"column":21}},{"start":{"line":13,"column":15},"end":{"line":13,"column":34}}]},"5":{"loc":{"start":{"line":13,"column":15},"end":{"line":13,"column":21}},"type":"binary-expr","locations":[{"start":{"line":13,"column":15},"end":{"line":13,"column":21}},{"start":{"line":13,"column":15},"end":{"line":13,"column":21}}]},"6":{"loc":{"start":{"line":14,"column":12},"end":{"line":16,"column":null}},"type":"if","locations":[{"start":{"line":14,"column":12},"end":{"line":16,"column":null}}]},"7":{"loc":{"start":{"line":15,"column":16},"end":{"line":15,"column":43}},"type":"cond-expr","locations":[{"start":{"line":15,"column":34},"end":{"line":15,"column":36}},{"start":{"line":15,"column":34},"end":{"line":15,"column":43}}]},"8":{"loc":{"start":{"line":15,"column":16},"end":{"line":15,"column":36}},"type":"binary-expr","locations":[{"start":{"line":15,"column":16},"end":{"line":15,"column":36}},{"start":{"line":15,"column":34},"end":{"line":15,"column":36}}]}},"s":{"0":1,"1":1,"2":1,"3":1,"4":1,"5":2,"6":1,"7":1,"8":0,"9":0,"10":0,"11":1,"12":1},"f":{"0":2,"1":1,"2":0,"3":0},"b":{"0":[1,0],"1":[1,1],"2":[1,0],"3":[1,1],"4":[1,0],"5":[1,1],"6":[0],"7":[0,0],"8":[0,0]}}
,"/Users/sam/workspace/sambath/angular/cloud-infrastructure/src/app/shared/services/loader.service.ts": {"path":"/Users/sam/workspace/sambath/angular/cloud-infrastructure/src/app/shared/services/loader.service.ts","statementMap":{"0":{"start":{"line":1,"column":0},"end":{"line":1,"column":43}},"1":{"start":{"line":2,"column":0},"end":{"line":2,"column":39}},"2":{"start":{"line":7,"column":26},"end":{"line":20,"column":null}},"3":{"start":{"line":9,"column":10},"end":{"line":9,"column":53}},"4":{"start":{"line":10,"column":2},"end":{"line":10,"column":50}},"5":{"start":{"line":15,"column":4},"end":{"line":15,"column":34}},"6":{"start":{"line":18,"column":4},"end":{"line":18,"column":35}},"7":{"start":{"line":7,"column":13},"end":{"line":20,"column":null}},"8":{"start":{"line":7,"column":13},"end":{"line":7,"column":26}}},"fnMap":{"0":{"name":"(anonymous_0)","decl":{"start":{"line":12,"column":2},"end":{"line":12,"column":18}},"loc":{"start":{"line":12,"column":2},"end":{"line":12,"column":19}}},"1":{"name":"(anonymous_1)","decl":{"start":{"line":14,"column":2},"end":{"line":14,"column":6}},"loc":{"start":{"line":14,"column":6},"end":{"line":16,"column":3}}},"2":{"name":"(anonymous_2)","decl":{"start":{"line":17,"column":2},"end":{"line":17,"column":6}},"loc":{"start":{"line":17,"column":6},"end":{"line":19,"column":3}}}},"branchMap":{},"s":{"0":4,"1":4,"2":4,"3":6,"4":6,"5":1,"6":1,"7":4,"8":4},"f":{"0":6,"1":1,"2":1},"b":{}}
,"/Users/sam/workspace/sambath/angular/cloud-infrastructure/src/app/shared/services/server.service.ts": {"path":"/Users/sam/workspace/sambath/angular/cloud-infrastructure/src/app/shared/services/server.service.ts","statementMap":{"0":{"start":{"line":1,"column":0},"end":{"line":1,"column":43}},"1":{"start":{"line":3,"column":0},"end":{"line":3,"column":9}},"2":{"start":{"line":4,"column":0},"end":{"line":4,"column":64}},"3":{"start":{"line":10,"column":26},"end":{"line":19,"column":null}},"4":{"start":{"line":14,"column":22},"end":{"line":14,"column":38}},"5":{"start":{"line":12,"column":2},"end":{"line":12,"column":32}},"6":{"start":{"line":17,"column":4},"end":{"line":17,"column":63}},"7":{"start":{"line":10,"column":13},"end":{"line":19,"column":null}},"8":{"start":{"line":10,"column":13},"end":{"line":10,"column":26}}},"fnMap":{"0":{"name":"(anonymous_0)","decl":{"start":{"line":14,"column":2},"end":{"line":14,"column":22}},"loc":{"start":{"line":14,"column":38},"end":{"line":14,"column":43}}},"1":{"name":"(anonymous_1)","decl":{"start":{"line":16,"column":2},"end":{"line":16,"column":15}},"loc":{"start":{"line":16,"column":23},"end":{"line":18,"column":3}}}},"branchMap":{"0":{"loc":{"start":{"line":17,"column":4},"end":{"line":17,"column":63}},"type":"cond-expr","locations":[{"start":{"line":17,"column":20},"end":{"line":17,"column":22}},{"start":{"line":17,"column":20},"end":{"line":17,"column":63}}]},"1":{"loc":{"start":{"line":17,"column":4},"end":{"line":17,"column":22}},"type":"binary-expr","locations":[{"start":{"line":17,"column":4},"end":{"line":17,"column":22}},{"start":{"line":17,"column":20},"end":{"line":17,"column":22}}]}},"s":{"0":2,"1":2,"2":2,"3":2,"4":2,"5":2,"6":1,"7":2,"8":2},"f":{"0":2,"1":1},"b":{"0":[1,0],"1":[1,1]}}
}
