TN:
SF:src/app/app.component.ts
FNF:0
FNH:0
DA:1,0
DA:8,0
LF:2
LH:0
BRF:0
BRH:0
end_of_record
TN:
SF:src/app/components/home/home.component.ts
FN:13,(anonymous_0)
FN:15,(anonymous_1)
FNF:2
FNH:0
FNDA:0,(anonymous_0)
FNDA:0,(anonymous_1)
DA:1,0
DA:2,0
DA:9,0
DA:11,0
LF:4
LH:0
BRF:0
BRH:0
end_of_record
TN:
SF:src/app/components/home/servers/servers.component.ts
FN:17,(anonymous_0)
FN:19,(anonymous_1)
FN:23,(anonymous_2)
FN:24,(anonymous_3)
FN:40,(anonymous_4)
FN:41,(anonymous_5)
FNF:6
FNH:0
FNDA:0,(anonymous_0)
FNDA:0,(anonymous_1)
FNDA:0,(anonymous_2)
FNDA:0,(anonymous_3)
FNDA:0,(anonymous_4)
FNDA:0,(anonymous_5)
DA:1,0
DA:2,0
DA:4,0
DA:11,0
DA:15,0
DA:17,0
DA:20,0
DA:24,0
DA:25,0
DA:26,0
DA:27,0
DA:29,0
DA:32,0
DA:33,0
DA:37,0
DA:41,0
DA:42,0
DA:43,0
LF:18
LH:0
BRDA:25,0,0,0
BRDA:25,0,1,0
BRDA:26,1,0,0
BRDA:26,1,1,0
BRDA:32,2,0,0
BRDA:32,3,0,0
BRDA:32,3,1,0
BRDA:32,3,2,0
BRDA:42,4,0,0
BRF:9
BRH:0
end_of_record
TN:
SF:src/app/components/login/login.component.ts
FN:14,(anonymous_0)
FN:16,(anonymous_1)
FN:21,(anonymous_2)
FN:27,(anonymous_3)
FNF:4
FNH:3
FNDA:1,(anonymous_0)
FNDA:1,(anonymous_1)
FNDA:0,(anonymous_2)
FNDA:1,(anonymous_3)
DA:1,1
DA:2,1
DA:3,1
DA:10,1
DA:14,1
DA:17,1
DA:18,1
DA:22,0
DA:23,0
DA:24,0
DA:28,1
LF:11
LH:8
BRDA:22,0,0,0
BRDA:22,1,0,0
BRDA:22,1,1,0
BRF:3
BRH:0
end_of_record
TN:
SF:src/app/guards/auth.guard.ts
FN:9,(anonymous_0)
FN:12,(anonymous_1)
FNF:2
FNH:0
FNDA:0,(anonymous_0)
FNDA:0,(anonymous_1)
DA:1,0
DA:2,0
DA:7,0
DA:9,0
DA:13,0
DA:14,0
DA:15,0
DA:17,0
DA:18,0
LF:9
LH:0
BRDA:14,0,0,0
BRF:1
BRH:0
end_of_record
TN:
SF:src/app/shared/components/filters/filters.component.ts
FN:21,(anonymous_0)
FN:23,(anonymous_1)
FN:25,(anonymous_2)
FN:43,(anonymous_3)
FN:48,(anonymous_4)
FN:53,(anonymous_5)
FN:62,(anonymous_6)
FN:67,(anonymous_7)
FN:74,(anonymous_8)
FN:78,(anonymous_9)
FN:82,(anonymous_10)
FNF:11
FNH:0
FNDA:0,(anonymous_0)
FNDA:0,(anonymous_1)
FNDA:0,(anonymous_2)
FNDA:0,(anonymous_3)
FNDA:0,(anonymous_4)
FNDA:0,(anonymous_5)
FNDA:0,(anonymous_6)
FNDA:0,(anonymous_7)
FNDA:0,(anonymous_8)
FNDA:0,(anonymous_9)
FNDA:0,(anonymous_10)
DA:1,0
DA:2,0
DA:4,0
DA:5,0
DA:12,0
DA:15,0
DA:17,0
DA:18,0
DA:19,0
DA:21,0
DA:24,0
DA:25,0
DA:26,0
DA:28,0
DA:29,0
DA:31,0
DA:32,0
DA:33,0
DA:34,0
DA:35,0
DA:37,0
DA:38,0
DA:44,0
DA:49,0
DA:54,0
DA:63,0
DA:64,0
DA:65,0
DA:67,0
DA:68,0
DA:69,0
DA:75,0
DA:79,0
DA:83,0
LF:34
LH:0
BRDA:26,0,0,0
BRDA:26,0,1,0
BRDA:26,0,2,0
BRDA:64,1,0,0
BRDA:64,1,1,0
BRDA:68,2,0,0
BRF:6
BRH:0
end_of_record
TN:
SF:src/app/shared/components/headers/headers.component.ts
FN:12,(anonymous_0)
FN:14,(anonymous_1)
FNF:2
FNH:0
FNDA:0,(anonymous_0)
FNDA:0,(anonymous_1)
DA:1,0
DA:8,0
LF:2
LH:0
BRF:0
BRH:0
end_of_record
TN:
SF:src/app/shared/components/loader/loader.component.ts
FN:14,(anonymous_0)
FN:15,(anonymous_1)
FN:17,(anonymous_2)
FN:21,(anonymous_3)
FNF:4
FNH:0
FNDA:0,(anonymous_0)
FNDA:0,(anonymous_1)
FNDA:0,(anonymous_2)
FNDA:0,(anonymous_3)
DA:1,0
DA:3,0
DA:10,0
DA:12,0
DA:14,0
DA:16,0
DA:18,0
DA:22,0
LF:8
LH:0
BRF:0
BRH:0
end_of_record
TN:
SF:src/app/shared/components/page-not-found/page-not-found.component.ts
FN:10,(anonymous_0)
FN:12,(anonymous_1)
FNF:2
FNH:0
FNDA:0,(anonymous_0)
FNDA:0,(anonymous_1)
DA:1,0
DA:8,0
LF:2
LH:0
BRF:0
BRH:0
end_of_record
TN:
SF:src/app/shared/config/filters.config.ts
FNF:0
FNH:0
DA:2,0
DA:9,0
LF:2
LH:0
BRF:0
BRH:0
end_of_record
TN:
SF:src/app/shared/config/header.config.ts
FNF:0
FNH:0
DA:2,0
LF:1
LH:0
BRF:0
BRH:0
end_of_record
TN:
SF:src/app/shared/helpers/loader.interceptor.ts
FN:10,(anonymous_0)
FN:11,(anonymous_1)
FN:13,(anonymous_2)
FN:18,(anonymous_3)
FNF:4
FNH:0
FNDA:0,(anonymous_0)
FNDA:0,(anonymous_1)
FNDA:0,(anonymous_2)
FNDA:0,(anonymous_3)
DA:1,0
DA:2,0
DA:4,0
DA:5,0
DA:9,0
DA:10,0
DA:12,0
DA:13,0
DA:14,0
DA:15,0
DA:19,0
LF:11
LH:0
BRDA:14,0,0,0
BRF:1
BRH:0
end_of_record
TN:
SF:src/app/shared/services/loader.service.ts
FN:12,(anonymous_0)
FN:14,(anonymous_1)
FN:17,(anonymous_2)
FNF:3
FNH:0
FNDA:0,(anonymous_0)
FNDA:0,(anonymous_1)
FNDA:0,(anonymous_2)
DA:1,0
DA:2,0
DA:7,0
DA:9,0
DA:10,0
DA:15,0
DA:18,0
LF:7
LH:0
BRF:0
BRH:0
end_of_record
TN:
SF:src/app/shared/services/server.service.ts
FN:14,(anonymous_0)
FN:16,(anonymous_1)
FNF:2
FNH:0
FNDA:0,(anonymous_0)
FNDA:0,(anonymous_1)
DA:1,0
DA:3,0
DA:4,0
DA:10,0
DA:12,0
DA:14,0
DA:17,0
LF:7
LH:0
BRF:0
BRH:0
end_of_record
