TN:
SF:src/app/app.component.ts
FNF:0
FNH:0
DA:1,1
DA:8,1
LF:2
LH:2
BRF:0
BRH:0
end_of_record
TN:
SF:src/app/components/home/home.component.ts
FN:13,(anonymous_0)
FNF:1
FNH:1
FNDA:1,(anonymous_0)
DA:1,1
DA:2,1
DA:9,1
DA:11,1
LF:4
LH:4
BRF:0
BRH:0
end_of_record
TN:
SF:src/app/components/home/servers/servers.component.ts
FN:17,(anonymous_0)
FN:19,(anonymous_1)
FN:23,(anonymous_2)
FN:24,(anonymous_3)
FN:40,(anonymous_4)
FN:41,(anonymous_5)
FNF:6
FNH:6
FNDA:4,(anonymous_0)
FNDA:5,(anonymous_1)
FNDA:1,(anonymous_2)
FNDA:2,(anonymous_3)
FNDA:7,(anonymous_4)
FNDA:7,(anonymous_5)
DA:1,1
DA:2,1
DA:4,1
DA:11,1
DA:15,4
DA:17,4
DA:20,5
DA:24,1
DA:25,2
DA:26,1
DA:27,1
DA:29,0
DA:32,1
DA:33,0
DA:37,1
DA:41,7
DA:42,7
DA:43,7
LF:18
LH:16
BRDA:25,0,0,1
BRDA:25,0,1,1
BRDA:26,1,0,1
BRDA:26,1,1,0
BRDA:32,2,0,0
BRDA:32,3,0,1
BRDA:32,3,1,1
BRDA:32,3,2,1
BRDA:42,4,0,7
BRF:9
BRH:7
end_of_record
TN:
SF:src/app/components/login/login.component.ts
FN:14,(anonymous_0)
FN:16,(anonymous_1)
FN:21,(anonymous_2)
FN:27,(anonymous_3)
FNF:4
FNH:4
FNDA:4,(anonymous_0)
FNDA:5,(anonymous_1)
FNDA:1,(anonymous_2)
FNDA:6,(anonymous_3)
DA:1,1
DA:2,1
DA:3,1
DA:10,1
DA:14,4
DA:17,5
DA:18,5
DA:22,1
DA:23,0
DA:24,0
DA:28,6
LF:11
LH:9
BRDA:22,0,0,0
BRDA:22,1,0,1
BRDA:22,1,1,0
BRDA:22,2,0,0
BRDA:22,2,1,1
BRDA:22,3,0,1
BRDA:22,3,1,1
BRDA:22,4,0,0
BRDA:22,4,1,0
BRDA:22,5,0,0
BRDA:22,5,1,0
BRDA:28,6,0,0
BRDA:28,6,1,6
BRDA:28,7,0,6
BRDA:28,7,1,6
BRF:15
BRH:7
end_of_record
TN:
SF:src/app/guards/auth.guard.ts
FN:9,(anonymous_0)
FN:12,(anonymous_1)
FNF:2
FNH:2
FNDA:2,(anonymous_0)
FNDA:1,(anonymous_1)
DA:1,1
DA:2,1
DA:7,1
DA:9,2
DA:13,1
DA:14,1
DA:15,0
DA:17,1
DA:18,1
LF:9
LH:8
BRDA:14,0,0,0
BRDA:17,1,0,1
BRDA:17,1,1,0
BRDA:17,2,0,1
BRDA:17,2,1,1
BRF:5
BRH:3
end_of_record
TN:
SF:src/app/shared/components/filters/filters.component.ts
FN:21,(anonymous_0)
FN:23,(anonymous_1)
FN:25,(anonymous_2)
FN:43,(anonymous_3)
FN:48,(anonymous_4)
FN:53,(anonymous_5)
FN:62,(anonymous_6)
FN:67,(anonymous_7)
FN:74,(anonymous_8)
FN:78,(anonymous_9)
FN:82,(anonymous_10)
FNF:11
FNH:11
FNDA:9,(anonymous_0)
FNDA:10,(anonymous_1)
FNDA:30,(anonymous_2)
FNDA:10,(anonymous_3)
FNDA:1,(anonymous_4)
FNDA:1,(anonymous_5)
FNDA:2,(anonymous_6)
FNDA:1,(anonymous_7)
FNDA:1,(anonymous_8)
FNDA:1,(anonymous_9)
FNDA:1,(anonymous_10)
DA:1,2
DA:2,2
DA:4,2
DA:5,2
DA:12,2
DA:15,9
DA:17,9
DA:18,9
DA:19,9
DA:21,9
DA:24,10
DA:25,10
DA:26,30
DA:28,10
DA:29,10
DA:31,10
DA:32,10
DA:33,10
DA:34,10
DA:35,10
DA:37,10
DA:38,10
DA:44,10
DA:49,1
DA:54,1
DA:63,2
DA:64,2
DA:65,1
DA:67,1
DA:68,1
DA:69,1
DA:75,1
DA:79,1
DA:83,1
LF:34
LH:34
BRDA:24,0,0,0
BRDA:24,0,1,10
BRDA:24,1,0,10
BRDA:24,1,1,10
BRDA:25,2,0,0
BRDA:25,2,1,10
BRDA:25,3,0,10
BRDA:25,3,1,10
BRDA:26,4,0,10
BRDA:26,4,1,10
BRDA:26,4,2,10
BRDA:26,5,0,0
BRDA:26,5,1,30
BRDA:26,6,0,30
BRDA:26,6,1,30
BRDA:27,7,0,0
BRDA:27,7,1,30
BRDA:27,8,0,30
BRDA:27,8,1,30
BRDA:28,9,0,0
BRDA:28,9,1,10
BRDA:28,10,0,10
BRDA:28,10,1,10
BRDA:28,11,0,0
BRDA:28,11,1,10
BRDA:28,12,0,10
BRDA:28,12,1,10
BRDA:31,13,0,0
BRDA:31,13,1,10
BRDA:31,14,0,10
BRDA:31,14,1,10
BRDA:31,15,0,0
BRDA:31,15,1,10
BRDA:31,16,0,10
BRDA:31,16,1,10
BRDA:32,17,0,0
BRDA:32,17,1,10
BRDA:32,18,0,10
BRDA:32,18,1,10
BRDA:32,19,0,0
BRDA:32,19,1,10
BRDA:32,20,0,10
BRDA:32,20,1,10
BRDA:33,21,0,0
BRDA:33,21,1,10
BRDA:33,22,0,10
BRDA:33,22,1,10
BRDA:34,23,0,0
BRDA:34,23,1,10
BRDA:34,24,0,10
BRDA:34,24,1,10
BRDA:37,25,0,0
BRDA:37,25,1,10
BRDA:37,26,0,10
BRDA:37,26,1,10
BRDA:37,27,0,0
BRDA:37,27,1,10
BRDA:37,28,0,10
BRDA:37,28,1,10
BRDA:44,29,0,0
BRDA:44,29,1,10
BRDA:44,30,0,10
BRDA:44,30,1,10
BRDA:63,31,0,0
BRDA:63,31,1,2
BRDA:63,32,0,2
BRDA:63,32,1,2
BRDA:64,33,0,1
BRDA:64,33,1,1
BRDA:64,34,0,0
BRDA:64,34,1,2
BRDA:64,35,0,2
BRDA:64,35,1,2
BRDA:64,36,0,0
BRDA:64,36,1,2
BRDA:64,37,0,2
BRDA:64,37,1,2
BRDA:65,38,0,0
BRDA:65,38,1,1
BRDA:65,39,0,1
BRDA:65,39,1,1
BRDA:67,40,0,0
BRDA:67,40,1,1
BRDA:67,41,0,1
BRDA:67,41,1,1
BRDA:68,42,0,1
BRDA:69,43,0,0
BRDA:69,43,1,1
BRDA:69,44,0,1
BRDA:69,44,1,1
BRDA:75,45,0,0
BRDA:75,45,1,1
BRDA:75,46,0,1
BRDA:75,46,1,1
BRDA:79,47,0,0
BRDA:79,47,1,1
BRDA:79,48,0,1
BRDA:79,48,1,1
BRDA:83,49,0,0
BRDA:83,49,1,1
BRDA:83,50,0,1
BRDA:83,50,1,1
BRDA:83,51,0,0
BRDA:83,51,1,1
BRDA:83,52,0,1
BRDA:83,52,1,1
BRF:106
BRH:81
end_of_record
TN:
SF:src/app/shared/components/headers/headers.component.ts
FN:12,(anonymous_0)
FNF:1
FNH:1
FNDA:1,(anonymous_0)
DA:1,2
DA:8,2
LF:2
LH:2
BRF:0
BRH:0
end_of_record
TN:
SF:src/app/shared/components/loader/loader.component.ts
FN:14,(anonymous_0)
FN:15,(anonymous_1)
FN:17,(anonymous_2)
FN:21,(anonymous_3)
FNF:4
FNH:4
FNDA:3,(anonymous_0)
FNDA:3,(anonymous_1)
FNDA:3,(anonymous_2)
FNDA:1,(anonymous_3)
DA:1,2
DA:3,2
DA:10,2
DA:12,3
DA:14,3
DA:16,3
DA:18,3
DA:22,1
LF:8
LH:8
BRF:0
BRH:0
end_of_record
TN:
SF:src/app/shared/components/page-not-found/page-not-found.component.ts
FN:10,(anonymous_0)
FNF:1
FNH:1
FNDA:1,(anonymous_0)
DA:1,2
DA:8,2
LF:2
LH:2
BRF:0
BRH:0
end_of_record
TN:
SF:src/app/shared/config/filters.config.ts
FNF:0
FNH:0
DA:2,3
DA:9,3
LF:2
LH:2
BRF:0
BRH:0
end_of_record
TN:
SF:src/app/shared/config/header.config.ts
FNF:0
FNH:0
DA:2,1
LF:1
LH:1
BRF:0
BRH:0
end_of_record
TN:
SF:src/app/shared/helpers/loader.interceptor.ts
FN:10,(anonymous_0)
FN:11,(anonymous_1)
FN:13,(anonymous_2)
FN:18,(anonymous_3)
FNF:4
FNH:2
FNDA:2,(anonymous_0)
FNDA:1,(anonymous_1)
FNDA:0,(anonymous_2)
FNDA:0,(anonymous_3)
DA:1,1
DA:2,1
DA:4,1
DA:5,1
DA:9,1
DA:10,2
DA:12,1
DA:13,1
DA:14,0
DA:15,0
DA:19,0
LF:11
LH:8
BRDA:12,0,0,1
BRDA:12,0,1,0
BRDA:12,1,0,1
BRDA:12,1,1,1
BRDA:13,2,0,1
BRDA:13,2,1,0
BRDA:13,3,0,1
BRDA:13,3,1,1
BRDA:13,4,0,1
BRDA:13,4,1,0
BRDA:13,5,0,1
BRDA:13,5,1,1
BRDA:14,6,0,0
BRDA:15,7,0,0
BRDA:15,7,1,0
BRDA:15,8,0,0
BRDA:15,8,1,0
BRF:17
BRH:9
end_of_record
TN:
SF:src/app/shared/services/loader.service.ts
FN:12,(anonymous_0)
FN:14,(anonymous_1)
FN:17,(anonymous_2)
FNF:3
FNH:3
FNDA:6,(anonymous_0)
FNDA:1,(anonymous_1)
FNDA:1,(anonymous_2)
DA:1,4
DA:2,4
DA:7,4
DA:9,6
DA:10,6
DA:15,1
DA:18,1
LF:7
LH:7
BRF:0
BRH:0
end_of_record
TN:
SF:src/app/shared/services/server.service.ts
FN:14,(anonymous_0)
FN:16,(anonymous_1)
FNF:2
FNH:2
FNDA:2,(anonymous_0)
FNDA:1,(anonymous_1)
DA:1,2
DA:3,2
DA:4,2
DA:10,2
DA:12,2
DA:14,2
DA:17,1
LF:7
LH:7
BRDA:17,0,0,1
BRDA:17,0,1,0
BRDA:17,1,0,1
BRDA:17,1,1,1
BRF:4
BRH:3
end_of_record
